<?xml version="1.0" encoding="UTF-8"?>
<testsuite xmlns:xsi="http://www.w3.org/2001/XMLSchema-instance" xsi:noNamespaceSchemaLocation="https://maven.apache.org/surefire/maven-surefire-plugin/xsd/surefire-test-report-3.0.xsd" version="3.0" name="com.examly.springapp.SpringappApplicationTests" time="4.149" tests="79" errors="0" skipped="0" failures="0">
  <properties>
[...]
</properties>
  <testcase name="Day3_test_Controller_Directory_Exists" classname="com.examly.springapp.SpringappApplicationTests" time="0.318">
    <system-out><![CDATA[05:19:54.532 [main] INFO org.springframework.test.context.support.AnnotationConfigContextLoaderUtils -- Could not detect default configuration classes for test class [com.examly.springapp.SpringappApplicationTests]: SpringappApplicationTests does not declare any static, non-private, non-final, nested classes annotated with @Configuration.
05:19:54.626 [main] INFO org.springframework.boot.test.context.SpringBootTestContextBootstrapper -- Found @SpringBootConfiguration com.examly.springapp.SpringappApplication for test class com.examly.springapp.SpringappApplicationTests
05:19:54.738 [main] INFO org.springframework.boot.devtools.restart.RestartApplicationListener -- Restart disabled due to context in which it is running

  .   ____          _            __ _ _
 /\\ / ___'_ __ _ _(_)_ __  __ _ \ \ \ \
( ( )\___ | '_ | '_| | '_ \/ _` | \ \ \ \
 \\/  ___)| |_)| | | | | || (_| |  ) ) ) )
  '  |____| .__|_| |_|_| |_\__, | / / / /
 =========|_|==============|___/=/_/_/_/

 :: Spring Boot ::               (v3.4.12)

2025-12-27T05:19:54.974Z  INFO 2622 --- [           main] c.e.springapp.SpringappApplicationTests  : Starting SpringappApplicationTests using Java 17.0.17 with PID 2622 (started by coder in /home/coder/project/workspace/springapp)
2025-12-27T05:19:54.975Z  INFO 2622 --- [           main] c.e.springapp.SpringappApplicationTests  : No active profile set, falling back to 1 default profile: "default"
2025-12-27T05:19:55.470Z  INFO 2622 --- [           main] .s.d.r.c.RepositoryConfigurationDelegate : Bootstrapping Spring Data JPA repositories in DEFAULT mode.
2025-12-27T05:19:55.514Z  INFO 2622 --- [           main] .s.d.r.c.RepositoryConfigurationDelegate : Finished Spring Data repository scanning in 37 ms. Found 5 JPA repository interfaces.
2025-12-27T05:19:55.782Z  INFO 2622 --- [           main] o.hibernate.jpa.internal.util.LogHelper  : HHH000204: Processing PersistenceUnitInfo [name: default]
2025-12-27T05:19:55.810Z  INFO 2622 --- [           main] org.hibernate.Version                    : HHH000412: Hibernate ORM core version 6.6.36.Final
2025-12-27T05:19:55.831Z  INFO 2622 --- [           main] o.h.c.internal.RegionFactoryInitiator    : HHH000026: Second-level cache disabled
2025-12-27T05:19:56.024Z  INFO 2622 --- [           main] o.s.o.j.p.SpringPersistenceUnitInfo      : No LoadTimeWeaver setup: ignoring JPA class transformer
2025-12-27T05:19:56.051Z  INFO 2622 --- [           main] com.zaxxer.hikari.HikariDataSource       : HikariPool-1 - Starting...
2025-12-27T05:19:56.168Z  INFO 2622 --- [           main] com.zaxxer.hikari.pool.HikariPool        : HikariPool-1 - Added connection com.mysql.cj.jdbc.ConnectionImpl@1fd37440
2025-12-27T05:19:56.169Z  INFO 2622 --- [           main] com.zaxxer.hikari.HikariDataSource       : HikariPool-1 - Start completed.
2025-12-27T05:19:56.184Z  WARN 2622 --- [           main] org.hibernate.orm.deprecation            : HHH90000025: MySQL8Dialect does not need to be specified explicitly using 'hibernate.dialect' (remove the property setting and it will be selected by default)
2025-12-27T05:19:56.185Z  WARN 2622 --- [           main] org.hibernate.orm.deprecation            : HHH90000026: MySQL8Dialect has been deprecated; use org.hibernate.dialect.MySQLDialect instead
2025-12-27T05:19:56.199Z  INFO 2622 --- [           main] org.hibernate.orm.connections.pooling    : HHH10001005: Database info:
	Database JDBC URL [Connecting through datasource 'HikariDataSource (HikariPool-1)']
	Database driver: undefined/unknown
	Database version: 8.0
	Autocommit mode: undefined/unknown
	Isolation level: undefined/unknown
	Minimum pool size: undefined/unknown
	Maximum pool size: undefined/unknown
2025-12-27T05:19:56.800Z  INFO 2622 --- [           main] o.h.e.t.j.p.i.JtaPlatformInitiator       : HHH000489: No JTA platform available (set 'hibernate.transaction.jta.platform' to enable JTA platform integration)
Hibernate: alter table course drop foreign key FKqk2yq2yk124dhlsilomy36qr9
Hibernate: drop table if exists course
Hibernate: drop table if exists enrollment
Hibernate: drop table if exists instructor
Hibernate: drop table if exists module
Hibernate: drop table if exists student
Hibernate: create table course (course_id integer not null auto_increment, duration integer not null, instructor_id integer, price float(53) not null, course_name varchar(255), description varchar(255), level varchar(255), primary key (course_id)) engine=InnoDB
Hibernate: create table enrollment (enrollment_id integer not null auto_increment, primary key (enrollment_id)) engine=InnoDB
Hibernate: create table instructor (instructor_id integer not null auto_increment, email varchar(255), instructor_name varchar(255), phone_number varchar(255), specialization varchar(255), primary key (instructor_id)) engine=InnoDB
Hibernate: create table module (module_id integer not null auto_increment, primary key (module_id)) engine=InnoDB
Hibernate: create table student (student_id integer not null auto_increment, address varchar(255), email varchar(255), phone_number varchar(255), student_name varchar(255), primary key (student_id)) engine=InnoDB
Hibernate: alter table course add constraint FKqk2yq2yk124dhlsilomy36qr9 foreign key (instructor_id) references instructor (instructor_id)
2025-12-27T05:19:56.962Z  INFO 2622 --- [           main] j.LocalContainerEntityManagerFactoryBean : Initialized JPA EntityManagerFactory for persistence unit 'default'
2025-12-27T05:19:57.275Z  WARN 2622 --- [           main] JpaBaseConfiguration$JpaWebConfiguration : spring.jpa.open-in-view is enabled by default. Therefore, database queries may be performed during view rendering. Explicitly configure spring.jpa.open-in-view to disable this warning
2025-12-27T05:19:57.564Z  INFO 2622 --- [           main] o.s.b.t.m.w.SpringBootMockServletContext : Initializing Spring TestDispatcherServlet ''
2025-12-27T05:19:57.564Z  INFO 2622 --- [           main] o.s.t.web.servlet.TestDispatcherServlet  : Initializing Servlet ''
2025-12-27T05:19:57.565Z  INFO 2622 --- [           main] o.s.t.web.servlet.TestDispatcherServlet  : Completed initialization in 1 ms
2025-12-27T05:19:57.584Z  INFO 2622 --- [           main] c.e.springapp.SpringappApplicationTests  : Started SpringappApplicationTests in 2.854 seconds (process running for 3.601)
]]></system-out>
  </testcase>
  <testcase name="Day3_test_Model_Directory_Exists" classname="com.examly.springapp.SpringappApplicationTests" time="0.003"/>
  <testcase name="Day3_test_Service_Directory_Exists" classname="com.examly.springapp.SpringappApplicationTests" time="0.002"/>
  <testcase name="Day3_test_Repository_Directory_Exists" classname="com.examly.springapp.SpringappApplicationTests" time="0.002"/>
  <testcase name="Day4_test_InstructorModel_File_Exists" classname="com.examly.springapp.SpringappApplicationTests" time="0.002"/>
  <testcase name="Day4_test_CourseModel_File_Exists" classname="com.examly.springapp.SpringappApplicationTests" time="0.002"/>
  <testcase name="Day4_test_Module_File_Exists" classname="com.examly.springapp.SpringappApplicationTests" time="0.003"/>
  <testcase name="Day4_test_Student_File_Exists" classname="com.examly.springapp.SpringappApplicationTests" time="0.003"/>
  <testcase name="Day4_test_Enrollment_File_Exists" classname="com.examly.springapp.SpringappApplicationTests" time="0.002"/>
  <testcase name="Day4_test_Course_Has_Entity_Annotation" classname="com.examly.springapp.SpringappApplicationTests" time="0.002"/>
  <testcase name="test_Course_Has_Id_Annotation_On_Field" classname="com.examly.springapp.SpringappApplicationTests" time="0.003"/>
  <testcase name="Day5_testInstructorRepo_File_Exists" classname="com.examly.springapp.SpringappApplicationTests" time="0.003"/>
  <testcase name="Day5_testCourseRepo_File_Exists" classname="com.examly.springapp.SpringappApplicationTests" time="0.002"/>
  <testcase name="Day5_testModuleRepo_File_Exists" classname="com.examly.springapp.SpringappApplicationTests" time="0.002"/>
  <testcase name="Day5_testStudentRepo_File_Exists" classname="com.examly.springapp.SpringappApplicationTests" time="0.002"/>
  <testcase name="Day5_testEnrollmentRepo_File_Exists" classname="com.examly.springapp.SpringappApplicationTests" time="0.002"/>
  <testcase name="Day5_test_CourseRepo_Has_Repository_Annotation" classname="com.examly.springapp.SpringappApplicationTests" time="0.002"/>
  <testcase name="Day5_test_InstructorRepo_Has_Repository_Annotation" classname="com.examly.springapp.SpringappApplicationTests" time="0.002"/>
  <testcase name="Day5_test_ModuleRepo_Has_Repository_Annotation" classname="com.examly.springapp.SpringappApplicationTests" time="0.013"/>
  <testcase name="Day5_test_StudentRepo_Has_Repository_Annotation" classname="com.examly.springapp.SpringappApplicationTests" time="0.003"/>
  <testcase name="Day5_test_EnrollmentRepo_Has_Repository_Annotation" classname="com.examly.springapp.SpringappApplicationTests" time="0.002"/>
  <testcase name="Day6_test_InstructorController_File_Exists" classname="com.examly.springapp.SpringappApplicationTests" time="0.002"/>
  <testcase name="Day6_test_CourseController_File_Exists" classname="com.examly.springapp.SpringappApplicationTests" time="0.003"/>
  <testcase name="Day6_test_ModuleController_File_Exists" classname="com.examly.springapp.SpringappApplicationTests" time="0.002"/>
  <testcase name="Day6_test_StudentController_File_Exists" classname="com.examly.springapp.SpringappApplicationTests" time="0.002"/>
  <testcase name="Day6_test_EnrollmentController_File_Exists" classname="com.examly.springapp.SpringappApplicationTests" time="0.003"/>
  <testcase name="Day6_test_InstructorController_Has_RestController_Annotation" classname="com.examly.springapp.SpringappApplicationTests" time="0.003"/>
  <testcase name="Day6_test_CourseController_Has_RestController_Annotation" classname="com.examly.springapp.SpringappApplicationTests" time="0.002"/>
  <testcase name="Day6_test_InstructorController_Has_PostMapping" classname="com.examly.springapp.SpringappApplicationTests" time="0.002"/>
  <testcase name="Day6_test_InstructorController_Has_GetMapping" classname="com.examly.springapp.SpringappApplicationTests" time="0.003"/>
  <testcase name="Day6_test_InstructorController_Has_PutMapping" classname="com.examly.springapp.SpringappApplicationTests" time="0.002"/>
  <testcase name="Day6_test_InstructorController_Has_DeleteMapping" classname="com.examly.springapp.SpringappApplicationTests" time="0.002"/>
  <testcase name="Day6_testCreateInstructor_NoBody_StatusBadRequest" classname="com.examly.springapp.SpringappApplicationTests" time="0.077"/>
  <testcase name="Day6_testGetAllInstructors_StatusNoContent" classname="com.examly.springapp.SpringappApplicationTests" time="0.105">
    <system-out><![CDATA[Hibernate: select i1_0.instructor_id,i1_0.email,i1_0.instructor_name,i1_0.phone_number,i1_0.specialization from instructor i1_0
]]></system-out>
  </testcase>
  <testcase name="Day7_test_InstructorController_Has_RequestMapping" classname="com.examly.springapp.SpringappApplicationTests" time="0.003"/>
  <testcase name="Day7_test_InstructorController_Has_PathVariable" classname="com.examly.springapp.SpringappApplicationTests" time="0.003"/>
  <testcase name="Day7_test_CourseController_Has_RequestMapping" classname="com.examly.springapp.SpringappApplicationTests" time="0.002"/>
  <testcase name="Day7_test_StudentController_Has_RequestMapping" classname="com.examly.springapp.SpringappApplicationTests" time="0.002"/>
  <testcase name="Day7_test_CourseController_Has_PathVariable" classname="com.examly.springapp.SpringappApplicationTests" time="0.002"/>
  <testcase name="Day7_test_StudentController_Has_PathVariable" classname="com.examly.springapp.SpringappApplicationTests" time="0.002"/>
  <testcase name="Day7_test_EnrollmentController_Has_RequestMapping" classname="com.examly.springapp.SpringappApplicationTests" time="0.002"/>
  <testcase name="Day8_test_InstructorService_File_Exists" classname="com.examly.springapp.SpringappApplicationTests" time="0.002"/>
  <testcase name="Day8_test_CourseService_File_Exists" classname="com.examly.springapp.SpringappApplicationTests" time="0.003"/>
  <testcase name="Day8_test_ModuleService_File_Exists" classname="com.examly.springapp.SpringappApplicationTests" time="0.003"/>
  <testcase name="Day8_test_StudentService_File_Exists" classname="com.examly.springapp.SpringappApplicationTests" time="0.002"/>
  <testcase name="Day8_test_EnrollmentService_File_Exists" classname="com.examly.springapp.SpringappApplicationTests" time="0.002"/>
  <testcase name="Day8_test_InstructorServiceImpl_File_Exists" classname="com.examly.springapp.SpringappApplicationTests" time="0.003"/>
  <testcase name="Day8_test_CourseServiceImpl_File_Exists" classname="com.examly.springapp.SpringappApplicationTests" time="0.002"/>
  <testcase name="Day8_test_ModuleServiceImpl_File_Exists" classname="com.examly.springapp.SpringappApplicationTests" time="0.003"/>
  <testcase name="Day8_test_StudentServiceImpl_File_Exists" classname="com.examly.springapp.SpringappApplicationTests" time="0.002"/>
  <testcase name="Day8_test_EnrollmentServiceImpl_File_Exists" classname="com.examly.springapp.SpringappApplicationTests" time="0.003"/>
  <testcase name="Day8_testAddInstructor" classname="com.examly.springapp.SpringappApplicationTests" time="0.081">
    <system-out><![CDATA[Hibernate: insert into instructor (email,instructor_name,phone_number,specialization) values (?,?,?,?)
]]></system-out>
  </testcase>
  <testcase name="Day8_testGetAllInstructors" classname="com.examly.springapp.SpringappApplicationTests" time="0.012">
    <system-out><![CDATA[Hibernate: select i1_0.instructor_id,i1_0.email,i1_0.instructor_name,i1_0.phone_number,i1_0.specialization from instructor i1_0
]]></system-out>
  </testcase>
  <testcase name="Day8_testGetInstructorById" classname="com.examly.springapp.SpringappApplicationTests" time="0.014">
    <system-out><![CDATA[Hibernate: select i1_0.instructor_id,i1_0.email,i1_0.instructor_name,i1_0.phone_number,i1_0.specialization from instructor i1_0 where i1_0.instructor_id=?
]]></system-out>
  </testcase>
  <testcase name="Day8_testUpdateInstructor" classname="com.examly.springapp.SpringappApplicationTests" time="0.017">
    <system-out><![CDATA[Hibernate: select i1_0.instructor_id,i1_0.email,i1_0.instructor_name,i1_0.phone_number,i1_0.specialization from instructor i1_0 where i1_0.instructor_id=?
Hibernate: update instructor set email=?,instructor_name=?,phone_number=?,specialization=? where instructor_id=?
]]></system-out>
  </testcase>
  <testcase name="Day9_testPagination_PageNumberApplied" classname="com.examly.springapp.SpringappApplicationTests" time="0.024">
    <system-out><![CDATA[Hibernate: select i1_0.instructor_id,i1_0.email,i1_0.instructor_name,i1_0.phone_number,i1_0.specialization from instructor i1_0 limit ?,?
2025-12-27T05:19:58.381Z  WARN 2622 --- [           main] ration$PageModule$WarningLoggingModifier : Serializing PageImpl instances as-is is not supported, meaning that there is no guarantee about the stability of the resulting JSON structure!
	For a stable JSON structure, please use Spring Data's PagedModel (globally via @EnableSpringDataWebSupport(pageSerializationMode = VIA_DTO))
	or Spring HATEOAS and Spring Data's PagedResourcesAssembler as documented in https://docs.spring.io/spring-data/commons/reference/repositories/core-extensions.html#core.web.pageables.

]]></system-out>
  </testcase>
  <testcase name="Day9_testPagination_PageSizeApplied" classname="com.examly.springapp.SpringappApplicationTests" time="0.012">
    <system-out><![CDATA[Hibernate: select i1_0.instructor_id,i1_0.email,i1_0.instructor_name,i1_0.phone_number,i1_0.specialization from instructor i1_0 limit ?,?
Hibernate: select count(i1_0.instructor_id) from instructor i1_0
]]></system-out>
  </testcase>
  <testcase name="Day9_testPagination_SortingPresent" classname="com.examly.springapp.SpringappApplicationTests" time="0.01">
    <system-out><![CDATA[Hibernate: select i1_0.instructor_id,i1_0.email,i1_0.instructor_name,i1_0.phone_number,i1_0.specialization from instructor i1_0 limit ?,?
]]></system-out>
  </testcase>
  <testcase name="Day9_testPagination_ContentArrayExists" classname="com.examly.springapp.SpringappApplicationTests" time="0.007">
    <system-out><![CDATA[Hibernate: select i1_0.instructor_id,i1_0.email,i1_0.instructor_name,i1_0.phone_number,i1_0.specialization from instructor i1_0 limit ?,?
]]></system-out>
  </testcase>
  <testcase name="Day9_testPagination_TotalElementsExists" classname="com.examly.springapp.SpringappApplicationTests" time="0.006">
    <system-out><![CDATA[Hibernate: select i1_0.instructor_id,i1_0.email,i1_0.instructor_name,i1_0.phone_number,i1_0.specialization from instructor i1_0 limit ?,?
]]></system-out>
  </testcase>
  <testcase name="Day9_testPagination_TotalPagesExists" classname="com.examly.springapp.SpringappApplicationTests" time="0.005">
    <system-out><![CDATA[Hibernate: select i1_0.instructor_id,i1_0.email,i1_0.instructor_name,i1_0.phone_number,i1_0.specialization from instructor i1_0 limit ?,?
]]></system-out>
  </testcase>
  <testcase name="Day10_testAddCourse" classname="com.examly.springapp.SpringappApplicationTests" time="0.017">
    <system-out><![CDATA[Hibernate: insert into course (course_name,description,duration,instructor_id,level,price) values (?,?,?,?,?,?)
]]></system-out>
  </testcase>
  <testcase name="Day10_testGetAllCourses" classname="com.examly.springapp.SpringappApplicationTests" time="0.01">
    <system-out><![CDATA[Hibernate: select c1_0.course_id,c1_0.course_name,c1_0.description,c1_0.duration,c1_0.instructor_id,c1_0.level,c1_0.price from course c1_0
Hibernate: select i1_0.instructor_id,i1_0.email,i1_0.instructor_name,i1_0.phone_number,i1_0.specialization from instructor i1_0 where i1_0.instructor_id=?
]]></system-out>
  </testcase>
  <testcase name="Day10_testGetCourseById" classname="com.examly.springapp.SpringappApplicationTests" time="0.006">
    <system-out><![CDATA[Hibernate: select c1_0.course_id,c1_0.course_name,c1_0.description,c1_0.duration,i1_0.instructor_id,i1_0.email,i1_0.instructor_name,i1_0.phone_number,i1_0.specialization,c1_0.level,c1_0.price from course c1_0 left join instructor i1_0 on i1_0.instructor_id=c1_0.instructor_id where c1_0.course_id=?
]]></system-out>
  </testcase>
  <testcase name="Day10_testUpdateCourse" classname="com.examly.springapp.SpringappApplicationTests" time="0.009">
    <system-out><![CDATA[Hibernate: select c1_0.course_id,c1_0.course_name,c1_0.description,c1_0.duration,i1_0.instructor_id,i1_0.email,i1_0.instructor_name,i1_0.phone_number,i1_0.specialization,c1_0.level,c1_0.price from course c1_0 left join instructor i1_0 on i1_0.instructor_id=c1_0.instructor_id where c1_0.course_id=?
Hibernate: update course set course_name=?,description=?,duration=?,instructor_id=?,level=?,price=? where course_id=?
]]></system-out>
  </testcase>
  <testcase name="Day10_testAddStudent" classname="com.examly.springapp.SpringappApplicationTests" time="0.011">
    <system-out><![CDATA[Hibernate: insert into student (address,email,phone_number,student_name) values (?,?,?,?)
]]></system-out>
  </testcase>
  <testcase name="Day10_testGetAllStudents" classname="com.examly.springapp.SpringappApplicationTests" time="0.006">
    <system-out><![CDATA[Hibernate: select s1_0.student_id,s1_0.address,s1_0.email,s1_0.phone_number,s1_0.student_name from student s1_0
]]></system-out>
  </testcase>
  <testcase name="Day10_testGetStudentById" classname="com.examly.springapp.SpringappApplicationTests" time="0.006">
    <system-out><![CDATA[Hibernate: select s1_0.student_id,s1_0.address,s1_0.email,s1_0.phone_number,s1_0.student_name from student s1_0 where s1_0.student_id=?
]]></system-out>
  </testcase>
  <testcase name="Day10_testUpdateStudent" classname="com.examly.springapp.SpringappApplicationTests" time="0.008">
    <system-out><![CDATA[Hibernate: select s1_0.student_id,s1_0.address,s1_0.email,s1_0.phone_number,s1_0.student_name from student s1_0 where s1_0.student_id=?
Hibernate: update student set address=?,email=?,phone_number=?,student_name=? where student_id=?
]]></system-out>
  </testcase>
  <testcase name="Day11_testGetCoursesByInstructor" classname="com.examly.springapp.SpringappApplicationTests" time="0.019">
    <system-out><![CDATA[Hibernate: select c1_0.course_id,c1_0.course_name,c1_0.description,c1_0.duration,c1_0.instructor_id,c1_0.level,c1_0.price from course c1_0 left join instructor i1_0 on i1_0.instructor_id=c1_0.instructor_id where i1_0.instructor_id=?
Hibernate: select i1_0.instructor_id,i1_0.email,i1_0.instructor_name,i1_0.phone_number,i1_0.specialization from instructor i1_0 where i1_0.instructor_id=?
]]></system-out>
  </testcase>
  <testcase name="Day12_testGetCoursesByLevel" classname="com.examly.springapp.SpringappApplicationTests" time="0.011">
    <system-out><![CDATA[Hibernate: select c1_0.course_id,c1_0.course_name,c1_0.description,c1_0.duration,c1_0.instructor_id,c1_0.level,c1_0.price from course c1_0 where c1_0.level=?
Hibernate: select i1_0.instructor_id,i1_0.email,i1_0.instructor_name,i1_0.phone_number,i1_0.specialization from instructor i1_0 where i1_0.instructor_id=?
]]></system-out>
  </testcase>
  <testcase name="Day12_testGetStudentsByEmail" classname="com.examly.springapp.SpringappApplicationTests" time="0.019">
    <system-out><![CDATA[Hibernate: select s1_0.student_id,s1_0.address,s1_0.email,s1_0.phone_number,s1_0.student_name from student s1_0 where s1_0.email=?
]]></system-out>
  </testcase>
  <testcase name="Day12_testGetCoursesByLevel_NotFound" classname="com.examly.springapp.SpringappApplicationTests" time="0.006">
    <system-out><![CDATA[Hibernate: select c1_0.course_id,c1_0.course_name,c1_0.description,c1_0.duration,c1_0.instructor_id,c1_0.level,c1_0.price from course c1_0 where c1_0.level=?
]]></system-out>
  </testcase>
  <testcase name="Day12_testGetInstructorBySpecialization" classname="com.examly.springapp.SpringappApplicationTests" time="0.006">
    <system-out><![CDATA[Hibernate: select i1_0.instructor_id,i1_0.email,i1_0.instructor_name,i1_0.phone_number,i1_0.specialization from instructor i1_0 where i1_0.specialization=?
]]></system-out>
  </testcase>
  <testcase name="Day12_testGetInstructorBySpecialization_NotFound" classname="com.examly.springapp.SpringappApplicationTests" time="0.004">
    <system-out><![CDATA[Hibernate: select i1_0.instructor_id,i1_0.email,i1_0.instructor_name,i1_0.phone_number,i1_0.specialization from instructor i1_0 where i1_0.specialization=?
]]></system-out>
  </testcase>
  <testcase name="Day13_test_exception_Directory_Exists" classname="com.examly.springapp.SpringappApplicationTests" time="0.002"/>
  <testcase name="Day13_test_GlobalException_File_Exists" classname="com.examly.springapp.SpringappApplicationTests" time="0.002"/>
  <testcase name="Day14_test_configuration_Directory_Exists" classname="com.examly.springapp.SpringappApplicationTests" time="0.001"/>
  <testcase name="Day15_testAOPLogFileExists" classname="com.examly.springapp.SpringappApplicationTests" time="0.001"/>
</testsuite>